-o-o-[aDhOcTrAcE_begin^_^110^_^tA^_^wood^_^1651079393537^_^/output/app.js]-o-o-
-o-o-[aDhOcTrAcE_end^_^110^_^tA^_^wood^_^1651079401504^_^]-o-o-
-o-o-[aDhOcTrAcE_begin^_^112^_^tF^_^wood^_^1651079401525^_^/output/pages/index/index.wood.js]-o-o-
-o-o-[aDhOcTrAcE_end^_^112^_^tF^_^wood^_^1651079401537^_^]-o-o-
-o-o-[aDhOcTrAcE_begin^_^113^_^tD^_^wood2^_^1651079401538^_^/output/abc.js]-o-o-
-o-o-[aDhOcTrAcE_end^_^113^_^tD^_^wood2^_^1651079401548^_^]-o-o-
-o-o-[aDhOcTrAcE_begin^_^114^_^tA^_^wood^_^1651079401549^_^/output/def.wood.js]-o-o-
-o-o-[aDhOcTrAcE_end^_^114^_^tA^_^wood^_^1651079401555^_^]-o-o-
-o-o-[aDhOcTrAcE_begin^_^115^_^tD^_^wood^_^1651079401556^_^/output/mmc.js]-o-o-
-o-o-[aDhOcTrAcE_end^_^115^_^tD^_^wood^_^1651079401561^_^]-o-o-
-o-o-[aDhOcTrAcE_begin^_^116^_^tB^_^wood1^_^1651079401562^_^/output/wood-execute.js]-o-o-
-o-o-[aDhOcTrAcE_end^_^116^_^tB^_^wood1^_^1651079401591^_^]-o-o-
-o-o-[aDhOcTrAcE_begin^_^117^_^tB^_^wood1^_^1651079428452^_^/output/app.js]-o-o-
-o-o-[aDhOcTrAcE_end^_^117^_^tB^_^wood1^_^1651079436161^_^]-o-o-
-o-o-[aDhOcTrAcE_begin^_^118^_^tJ^_^wood1^_^1651079436179^_^]-o-o-
-o-o-[aDhOcTrAcE_end^_^118^_^tJ^_^wood1^_^1651079436192^_^]-o-o-
-o-o-[aDhOcTrAcE_begin^_^119^_^tC^_^wood1^_^1651079436193^_^/output/abc.js]-o-o-
-o-o-[aDhOcTrAcE_end^_^119^_^tC^_^wood1^_^1651079436207^_^]-o-o-
-o-o-[aDhOcTrAcE_begin^_^121^_^tD^_^wood^_^1651079401556^_^/output/mmc.js]-o-o-
-o-o-[aDhOcTrAcE_end^_^121^_^tD^_^wood^_^1651079401561^_^]-o-o-
-o-o-[aDhOcTrAcE_begin^_^122^_^tB^_^wood1^_^1651079401562^_^/output/wood-execute.js]-o-o-
-o-o-[aDhOcTrAcE_end^_^122^_^tB^_^wood1^_^1651079401591^_^]-o-o-
-o-o-[aDhOcTrAcE_begin^_^123^_^tG^_^wood1^_^1651079428452^_^/output/app.js]-o-o-
-o-o-[aDhOcTrAcE_end^_^123^_^tG^_^wood1^_^1651079436161^_^]-o-o-
-o-o-[aDhOcTrAcE_begin^_^124^_^tC^_^wood1^_^1651079436179^_^]-o-o-
-o-o-[aDhOcTrAcE_end^_^124^_^tC^_^wood1^_^1651079436192^_^]-o-o-
-o-o-[aDhOcTrAcE_begin^_^125^_^tH^_^wood1^_^1651079436193^_^/output/abc.js]-o-o-
-o-o-[aDhOcTrAcE_end^_^125^_^tH^_^wood1^_^1651079436207^_^]-o-o-
-o-o-[aDhOcTrAcE_begin^_^126^_^tI^_^wood^_^1651079401556^_^/output/mmc.js]-o-o-
-o-o-[aDhOcTrAcE_end^_^126^_^tI^_^wood^_^1651079401561^_^]-o-o-
-o-o-[aDhOcTrAcE_begin^_^127^_^tK^_^wood1^_^1651079401562^_^]-o-o-
-o-o-[aDhOcTrAcE_end^_^127^_^tK^_^wood1^_^1651079401591^_^]-o-o-
-o-o-[aDhOcTrAcE_begin^_^128^_^tB^_^wood1^_^1651079428452^_^/output/app.js]-o-o-
-o-o-[aDhOcTrAcE_end^_^128^_^tB^_^wood1^_^1651079436161^_^]-o-o-
-o-o-[aDhOcTrAcE_begin^_^129^_^tC^_^wood1^_^1651079436179^_^/output/pages/index/index.wood.js]-o-o-
-o-o-[aDhOcTrAcE_end^_^129^_^tC^_^wood1^_^1651079436192^_^]-o-o-
-o-o-[aDhOcTrAcE_begin^_^131^_^tM^_^wood1^_^1651079436193^_^/output/abc.js]-o-o-
-o-o-[aDhOcTrAcE_end^_^131^_^tM^_^wood1^_^1651079436207^_^]-o-o-
-o-o-[aDhOcTrAcE_begin^_^132^_^tB^_^wood^_^1651079436207^_^/output/def.wood.js]-o-o-
-o-o-[aDhOcTrAcE_end^_^132^_^tB^_^wood^_^1651079436213^_^]-o-o-
-o-o-[aDhOcTrAcE_begin^_^133^_^tE^_^wood^_^1651079436214^_^/output/mmc.js]-o-o-
-o-o-[aDhOcTrAcE_end^_^133^_^tE^_^wood^_^1651079436222^_^]-o-o-
-o-o-[aDhOcTrAcE_begin^_^134^_^tA^_^wood^_^1651079436223^_^]-o-o-
-o-o-[aDhOcTrAcE_end^_^134^_^tA^_^wood^_^1651079436249^_^]-o-o-
